<?xml version="1.0" encoding="utf-8" standalone="no"?>
<!--This file represents the results of running a test suite-->
<test-results name="C:\dev\Projects\dotnet-eventsourcing-example\Source\SponsorPortal.Tests.Integration\SponsorPortal.Tests.Integration.csproj" total="3" errors="0" failures="0" not-run="0" inconclusive="0" ignored="0" skipped="0" invalid="0" date="2014-07-01" time="09:56:52">
  <environment nunit-version="2.6.3.13283" clr-version="2.0.50727.8000" os-version="Microsoft Windows NT 6.2.9200.0" platform="Win32NT" cwd="C:\dev\Projects\dotnet-eventsourcing-example" machine-name="EAARDAL-BOUVET" user="eirik" user-domain="EAARDAL-BOUVET" />
  <culture-info current-culture="nb-NO" current-uiculture="en-US" />
  <test-suite type="Project" name="C:\dev\Projects\dotnet-eventsourcing-example\Source\SponsorPortal.Tests.Integration\SponsorPortal.Tests.Integration.csproj" executed="True" result="Success" success="True" time="5.613" asserts="0">
    <results>
      <test-suite type="Assembly" name="C:\dev\Projects\dotnet-eventsourcing-example\Source\SponsorPortal.Tests.Integration\bin\Debug\SponsorPortal.Tests.Integration.dll" executed="True" result="Success" success="True" time="5.592" asserts="0">
        <results>
          <test-suite type="Namespace" name="SponsorPortal" executed="True" result="Success" success="True" time="5.591" asserts="0">
            <results>
              <test-suite type="Namespace" name="Tests" executed="True" result="Success" success="True" time="5.591" asserts="0">
                <results>
                  <test-suite type="Namespace" name="Integration" executed="True" result="Success" success="True" time="5.590" asserts="0">
                    <results>
                      <test-suite type="TestFixture" name="CreatingNewApplicationFormTests" executed="True" result="Success" success="True" time="5.587" asserts="0">
                        <categories>
                          <category name="IntegrationTests" />
                        </categories>
                        <results>
                          <test-case name="SponsorPortal.Tests.Integration.CreatingNewApplicationFormTests.WhenGivingNewApplicationFormToCommandApi_RetrievesExpectedApplicationFormFromQueryApi" executed="True" result="Success" success="True" time="2.646" asserts="5" />
                          <test-case name="SponsorPortal.Tests.Integration.CreatingNewApplicationFormTests.WhenGivingSeveralApplicationFormsToCommandApi_RetrievesExpectedAmountOfApplicationsFromQueryApi" executed="True" result="Success" success="True" time="1.500" asserts="1" />
                          <test-case name="SponsorPortal.Tests.Integration.CreatingNewApplicationFormTests.WhenProjectionSubscribesToEventsWithEventsAlreadyInEventStore_ProjectionReceivesOnlyNewEvents" executed="True" result="Success" success="True" time="1.416" asserts="1" />
                        </results>
                      </test-suite>
                    </results>
                  </test-suite>
                </results>
              </test-suite>
            </results>
          </test-suite>
        </results>
      </test-suite>
    </results>
  </test-suite>
</test-results>